Legacy/DataLayerCurrent/Application/build/intermediates/manifest_merge_blame_file/debug/manifest-merger-blame-debug-report.txt
1<?xml version="1.0" encoding="utf-8"?>
2<!--
3 Copyright (C) 2014 The Android Open Source Project
4
5     Licensed under the Apache License, Version 2.0 (the "License");
6     you may not use this file except in compliance with the License.
7     You may obtain a copy of the License at
8
9          http://www.apache.org/licenses/LICENSE-2.0
10
11     Unless required by applicable law or agreed to in writing, software
12     distributed under the License is distributed on an "AS IS" BASIS,
13     WITHOUT WARRANTIES OR CONDITIONS OF ANY KIND, either express or implied.
14     See the License for the specific language governing permissions and
15     limitations under the License.
16-->
17<manifest xmlns:android="http://schemas.android.com/apk/res/android"
18    package="com.example.android.wearable.datalayer" >
19
20    <uses-sdk
21        android:minSdkVersion="18"
21-->src\main\AndroidManifest.xml
22        android:targetSdkVersion="28" />
22-->src\main\AndroidManifest.xml
23
24    <uses-feature
24-->src\main\AndroidManifest.xml:20:5-85
25        android:name="android.hardware.camera"
25-->src\main\AndroidManifest.xml:20:19-57
26        android:required="false" />
26-->src\main\AndroidManifest.xml:20:58-82
27
28    <application
28-->src\main\AndroidManifest.xml:22:5-40:19
29        android:allowBackup="true"
29-->src\main\AndroidManifest.xml:23:13-39
30        android:appComponentFactory="androidx.core.app.CoreComponentFactory"
30-->[androidx.core:core:1.3.0] AndroidManifest.xml:24:18-86
31        android:debuggable="true"
32        android:icon="@drawable/ic_launcher"
32-->src\main\AndroidManifest.xml:24:13-49
33        android:label="@string/app_name"
33-->src\main\AndroidManifest.xml:25:13-45
34        android:testOnly="true" >
35        <meta-data
35-->src\main\AndroidManifest.xml:27:9-29:73
36            android:name="com.google.android.gms.version"
36-->src\main\AndroidManifest.xml:28:17-62
37            android:value="@integer/google_play_services_version" />
37-->src\main\AndroidManifest.xml:29:17-70
38
39        <activity
39-->src\main\AndroidManifest.xml:31:9-39:20
40            android:name="com.example.android.wearable.datalayer.MainActivity"
40-->src\main\AndroidManifest.xml:32:17-45
41            android:label="@string/app_name"
41-->src\main\AndroidManifest.xml:33:17-49
42            android:launchMode="singleTask" >
42-->src\main\AndroidManifest.xml:34:17-48
43            <intent-filter>
43-->src\main\AndroidManifest.xml:35:13-38:29
44                <action android:name="android.intent.action.MAIN" />
44-->src\main\AndroidManifest.xml:36:17-69
44-->src\main\AndroidManifest.xml:36:25-66
45
46                <category android:name="android.intent.category.LAUNCHER" />
46-->src\main\AndroidManifest.xml:37:17-77
46-->src\main\AndroidManifest.xml:37:27-74
47            </intent-filter>
48        </activity>
49        <activity
49-->[com.google.android.gms:play-services-base:17.0.0] AndroidManifest.xml:23:9-26:75
50            android:name="com.google.android.gms.common.api.GoogleApiActivity"
50-->[com.google.android.gms:play-services-base:17.0.0] AndroidManifest.xml:24:13-79
51            android:exported="false"
51-->[com.google.android.gms:play-services-base:17.0.0] AndroidManifest.xml:25:13-37
52            android:theme="@android:style/Theme.Translucent.NoTitleBar" />
52-->[com.google.android.gms:play-services-base:17.0.0] AndroidManifest.xml:26:13-72
53    </application>
54
55</manifest>